[2025-08-26T09:48:59.794+08:00] will call buildDetailedLocateParam 图层 undefined
[2025-08-26T09:49:44.694+08:00] will call buildDetailedLocateParam 图层 undefined
[2025-08-26T09:49:56.823+08:00] will call buildDetailedLocateParam 系统图层 undefined
[2025-08-26T09:50:08.134+08:00] will call buildDetailedLocateParam 返回首页 undefined
[2025-08-26T09:50:39.490+08:00] will call buildDetailedLocateParam 图层 undefined
[2025-08-26T09:50:49.662+08:00] will call buildDetailedLocateParam 系统图层 undefined
[2025-08-26T09:50:55.923+08:00] will call buildDetailedLocateParam 返回首页 undefined
[2025-08-26T09:51:19.543+08:00] will call buildDetailedLocateParam 图层 undefined
[2025-08-26T09:51:29.962+08:00] will call buildDetailedLocateParam 系统图层 undefined
[2025-08-26T09:51:37.034+08:00] will call buildDetailedLocateParam 返回首页 undefined
[2025-08-26T09:56:01.064+08:00] will call buildDetailedLocateParam 图层 undefined
[2025-08-26T09:56:11.339+08:00] will call buildDetailedLocateParam 系统图层 undefined
[2025-08-26T09:56:17.254+08:00] will call buildDetailedLocateParam 返回首页 undefined
[2025-08-26T10:01:40.555+08:00] will call buildDetailedLocateParam 图层 { cacheable: true }
[2025-08-26T10:01:49.736+08:00] will call buildDetailedLocateParam 图层 { cacheable: true }
[2025-08-26T10:02:00.760+08:00] will call buildDetailedLocateParam 高德影像 undefined
[2025-08-26T10:02:06.949+08:00] will call buildDetailedLocateParam 返回首页 undefined
[2025-08-26T10:02:32.677+08:00] will call buildDetailedLocateParam 图层 { cacheable: true }
[2025-08-26T10:02:45.512+08:00] will call buildDetailedLocateParam 高德影像 undefined
[2025-08-26T10:02:57.441+08:00] will call buildDetailedLocateParam 返回首页 undefined
[2025-08-26T10:09:49.882+08:00] will call buildDetailedLocateParam 图层 { cacheable: true }
[2025-08-26T10:10:01.932+08:00] will call buildDetailedLocateParam 高德影像 undefined
[2025-08-26T10:10:08.604+08:00] will call buildDetailedLocateParam 返回首页 undefined
[2025-08-26T10:10:34.643+08:00] will call buildDetailedLocateParam 界面右上角的图层按钮 undefined
[2025-08-26T10:10:45.983+08:00] will call buildDetailedLocateParam 高德影像图层 undefined
[2025-08-26T10:10:52.711+08:00] will call buildDetailedLocateParam 返回首页 undefined
[2025-08-26T10:37:58.864+08:00] will call buildDetailedLocateParam 界面右上角的图层按钮 undefined
[2025-08-26T10:38:09.925+08:00] will call buildDetailedLocateParam 高德影像图层 undefined
[2025-08-26T10:38:16.912+08:00] will call buildDetailedLocateParam 返回首页 undefined
[2025-08-26T11:28:00.844+08:00] will call buildDetailedLocateParam 界面右上角的图层按钮 undefined
[2025-08-26T11:28:12.081+08:00] will call buildDetailedLocateParam 高德影像图层 undefined
[2025-08-26T11:28:18.645+08:00] will call buildDetailedLocateParam 返回首页 undefined
[2025-08-26T13:11:38.636+08:00] will call buildDetailedLocateParam 界面右上角的图层按钮 undefined
[2025-08-26T18:15:25.286+08:00] will call buildDetailedLocateParam 界面右上角的图层按钮 undefined
[2025-08-26T18:15:37.384+08:00] will call buildDetailedLocateParam 高德影像图层 undefined
[2025-08-26T18:15:44.701+08:00] will call buildDetailedLocateParam 返回首页 undefined
[2025-08-27T15:04:41.632+08:00] will call buildDetailedLocateParam 界面右上角的图层按钮 undefined
[2025-08-27T15:04:54.694+08:00] will call buildDetailedLocateParam 中科星图图层 undefined
[2025-08-27T15:05:01.327+08:00] will call buildDetailedLocateParam 返回首页 undefined
[2025-08-27T15:05:20.163+08:00] will call buildDetailedLocateParam 界面右上角的图层按钮 undefined
[2025-08-27T15:05:33.129+08:00] will call buildDetailedLocateParam 高德地形图层 undefined
[2025-08-27T15:05:47.105+08:00] will call buildDetailedLocateParam 返回首页 undefined
[2025-09-03T09:35:53.856+08:00] will call buildDetailedLocateParam 界面右上角的图层按钮 undefined
[2025-09-03T09:36:05.787+08:00] will call buildDetailedLocateParam 中科星图图层 undefined
[2025-09-03T09:36:13.859+08:00] will call buildDetailedLocateParam 返回首页 undefined
[2025-09-03T09:37:36.392+08:00] will call buildDetailedLocateParam 界面右上角的图层按钮 undefined
[2025-09-03T09:37:57.809+08:00] will call buildDetailedLocateParam 界面右上角的图层按钮 undefined
[2025-09-03T09:38:09.367+08:00] will call buildDetailedLocateParam 中科星图图层 undefined
[2025-09-03T09:38:18.054+08:00] will call buildDetailedLocateParam 返回 undefined
[2025-09-03T10:08:44.194+08:00] will call buildDetailedLocateParam 界面右上角的图层按钮 undefined
[2025-09-03T10:08:55.099+08:00] will call buildDetailedLocateParam 中科星图图层 undefined
[2025-09-03T10:09:04.156+08:00] will call buildDetailedLocateParam 返回 undefined
[2025-09-03T10:10:40.884+08:00] will call buildDetailedLocateParam 界面右上角的图层按钮 undefined
[2025-09-03T10:10:51.566+08:00] will call buildDetailedLocateParam 中科星图图层 undefined
[2025-09-03T10:10:59.959+08:00] will call buildDetailedLocateParam 返回 undefined
[2025-09-03T10:19:47.364+08:00] will call buildDetailedLocateParam 界面右上角的图层按钮 undefined
[2025-09-03T10:19:58.475+08:00] will call buildDetailedLocateParam 中科星图图层 undefined
[2025-09-03T10:20:06.763+08:00] will call buildDetailedLocateParam 返回 undefined
[2025-09-03T10:20:26.599+08:00] will call buildDetailedLocateParam 界面右上角的图层按钮 undefined
[2025-09-03T10:20:36.933+08:00] will call buildDetailedLocateParam 高德地形图层 undefined
[2025-09-03T14:08:55.448+08:00] will call buildDetailedLocateParam 界面右上角的图层按钮 undefined
[2025-09-03T14:09:15.445+08:00] will call buildDetailedLocateParam 中科星图 undefined
[2025-09-03T14:09:24.486+08:00] will call buildDetailedLocateParam 返回 undefined
[2025-09-03T14:09:47.139+08:00] will call buildDetailedLocateParam 界面右上角的图层按钮 undefined
[2025-09-03T14:09:59.476+08:00] will call buildDetailedLocateParam 长光卫星(全国) undefined
[2025-09-03T14:10:08.623+08:00] will call buildDetailedLocateParam 返回 undefined
[2025-09-03T14:10:28.274+08:00] will call buildDetailedLocateParam 界面右上角的图层按钮 undefined
[2025-09-03T14:10:39.498+08:00] will call buildDetailedLocateParam 天地图 undefined
[2025-09-03T14:10:47.057+08:00] will call buildDetailedLocateParam 返回 undefined
[2025-09-03T14:11:04.676+08:00] will call buildDetailedLocateParam 界面右上角的图层按钮 undefined
[2025-09-03T14:14:11.547+08:00] will call buildDetailedLocateParam 界面右上角的图层按钮 undefined
[2025-09-03T14:14:29.634+08:00] will call buildDetailedLocateParam 中科星图 undefined
[2025-09-03T14:17:51.407+08:00] will call buildDetailedLocateParam 界面右上角的图层按钮 undefined
[2025-09-03T14:18:10.277+08:00] will call buildDetailedLocateParam 中科星图 undefined
[2025-09-03T14:18:18.710+08:00] will call buildDetailedLocateParam 返回 undefined
[2025-09-03T14:18:39.789+08:00] will call buildDetailedLocateParam 界面右上角的图层按钮 undefined
[2025-09-03T14:18:52.497+08:00] will call buildDetailedLocateParam 长光卫星(全国) undefined
